<?xml version="1.0" encoding="UTF-8" ?>
<testsuite tests="5" failures="0" name="util.IoUtilsTest" time="0.025" errors="0" skipped="0">
  <properties>
    <property name="idea.version" value="2021.3"/>
    <property name="java.runtime.name" value="OpenJDK Runtime Environment"/>
    <property name="sun.boot.library.path" value="C:\Java\jdk8u302-b08\jre\bin"/>
    <property name="java.vm.version" value="25.302-b08"/>
    <property name="java.vm.vendor" value="Temurin"/>
    <property name="maven.multiModuleProjectDirectory" value="C:\data\code\WordCounterApi"/>
    <property name="java.vendor.url" value="https://adoptium.net/"/>
    <property name="path.separator" value=";"/>
    <property name="guice.disable.misplaced.annotation.check" value="true"/>
    <property name="java.vm.name" value="OpenJDK 64-Bit Server VM"/>
    <property name="file.encoding.pkg" value="sun.io"/>
    <property name="user.script" value=""/>
    <property name="user.country" value="GB"/>
    <property name="sun.java.launcher" value="SUN_STANDARD"/>
    <property name="sun.os.patch.level" value=""/>
    <property name="java.vm.specification.name" value="Java Virtual Machine Specification"/>
    <property name="user.dir" value="C:\data\code\WordCounterApi"/>
    <property name="java.runtime.version" value="1.8.0_302-b08"/>
    <property name="java.awt.graphicsenv" value="sun.awt.Win32GraphicsEnvironment"/>
    <property name="java.endorsed.dirs" value="C:\Java\jdk8u302-b08\jre\lib\endorsed"/>
    <property name="os.arch" value="amd64"/>
    <property name="java.io.tmpdir" value="C:\Users\LOUIST~1\AppData\Local\Temp\"/>
    <property name="line.separator" value="
"/>
    <property name="java.vm.specification.vendor" value="Oracle Corporation"/>
    <property name="user.variant" value=""/>
    <property name="maven.clover.includeFailedTestCoverage" value="true"/>
    <property name="os.name" value="Windows 10"/>
    <property name="maven.ext.class.path" value="C:\Program Files\JetBrains\IntelliJ IDEA Community Edition 2021.3\plugins\maven\lib\maven-event-listener.jar"/>
    <property name="classworlds.conf" value="C:\apache-maven-3.3.9\bin\m2.conf"/>
    <property name="sun.jnu.encoding" value="Cp1252"/>
    <property name="java.library.path" value="C:\Java\jdk8u302-b08\bin;C:\WINDOWS\Sun\Java\bin;C:\WINDOWS\system32;C:\WINDOWS;C:\Program Files (x86)\VMware\VMware Workstation\bin\;C:\WINDOWS\system32;C:\WINDOWS;C:\WINDOWS\System32\Wbem;C:\WINDOWS\System32\WindowsPowerShell\v1.0\;C:\WINDOWS\System32\OpenSSH\;C:\java\jdk8u302-b08\bin;C:\apache-tomcat-9.0.53\bin;C:\apache-maven-3.3.9\bin;C:\Program Files\Git\cmd;C:\Users\louisthorne\AppData\Local\Microsoft\WindowsApps;C:\java\jdk8u302-b08\bin;C:\git\cmd;C:\apache-tomcat-9.0.53\bin;C:\apache-maven-3.3.9\bin;C:\Program Files\Python36;C:\Program Files\Python36\Scripts;;."/>
    <property name="java.specification.name" value="Java Platform API Specification"/>
    <property name="java.class.version" value="52.0"/>
    <property name="sun.management.compiler" value="HotSpot 64-Bit Tiered Compilers"/>
    <property name="maven.repo.local" value="C:\apache-maven-3.3.9\repo"/>
    <property name="os.version" value="10.0"/>
    <property name="user.home" value="C:\Users\louisthorne"/>
    <property name="user.timezone" value="Europe/London"/>
    <property name="java.awt.printerjob" value="sun.awt.windows.WPrinterJob"/>
    <property name="java.specification.version" value="1.8"/>
    <property name="file.encoding" value="UTF-8"/>
    <property name="user.name" value="louisthorne"/>
    <property name="java.class.path" value="C:\apache-maven-3.3.9\boot\plexus-classworlds-2.5.2.jar;C:\Program Files\JetBrains\IntelliJ IDEA Community Edition 2021.3\lib\idea_rt.jar"/>
    <property name="java.vm.specification.version" value="1.8"/>
    <property name="sun.arch.data.model" value="64"/>
    <property name="java.home" value="C:\Java\jdk8u302-b08\jre"/>
    <property name="sun.java.command" value="org.codehaus.classworlds.Launcher -Didea.version=2021.3 -s C:\apache-maven-3.3.9\conf\settings.xml -Dmaven.repo.local=C:\apache-maven-3.3.9\repo clean clover:setup package clover:log clover:aggregate clover:clover -Dmaven.clover.includeFailedTestCoverage=true"/>
    <property name="java.specification.vendor" value="Oracle Corporation"/>
    <property name="user.language" value="en"/>
    <property name="awt.toolkit" value="sun.awt.windows.WToolkit"/>
    <property name="java.vm.info" value="mixed mode"/>
    <property name="java.version" value="1.8.0_302"/>
    <property name="java.ext.dirs" value="C:\Java\jdk8u302-b08\jre\lib\ext;C:\WINDOWS\Sun\Java\lib\ext"/>
    <property name="sun.boot.class.path" value="C:\Java\jdk8u302-b08\jre\lib\resources.jar;C:\Java\jdk8u302-b08\jre\lib\rt.jar;C:\Java\jdk8u302-b08\jre\lib\sunrsasign.jar;C:\Java\jdk8u302-b08\jre\lib\jsse.jar;C:\Java\jdk8u302-b08\jre\lib\jce.jar;C:\Java\jdk8u302-b08\jre\lib\charsets.jar;C:\Java\jdk8u302-b08\jre\lib\jfr.jar;C:\Java\jdk8u302-b08\jre\classes"/>
    <property name="java.vendor" value="Temurin"/>
    <property name="maven.home" value="C:\apache-maven-3.3.9"/>
    <property name="file.separator" value="\"/>
    <property name="java.vendor.url.bug" value="https://github.com/adoptium/adoptium-support/issues"/>
    <property name="sun.cpu.endian" value="little"/>
    <property name="sun.io.unicode.encoding" value="UnicodeLittle"/>
    <property name="sun.desktop" value="windows"/>
    <property name="sun.cpu.isalist" value="amd64"/>
  </properties>
  <testcase classname="util.IoUtilsTest" name="doesExistFalseTest" time="0.015"/>
  <testcase classname="util.IoUtilsTest" name="doesExistTrueTest" time="0.001"/>
  <testcase classname="util.IoUtilsTest" name="isRegularFileTrueTest" time="0.003"/>
  <testcase classname="util.IoUtilsTest" name="createInputStreamTest" time="0.004"/>
  <testcase classname="util.IoUtilsTest" name="isRegularFileFalseTest" time="0.002"/>
</testsuite>